<?xml version="1.0" encoding="UTF-8"?>
<!-- Generated by org.testng.reporters.JUnitReportReporter -->
<testsuite hostname="AmitAsus" failures="0" tests="2" name="testCases.TC002_LoginTest" time="11.923" errors="0" timestamp="2025-08-27T09:24:21 IST" skipped="0">
  <testcase classname="testCases.TC002_LoginTest" name="verify_login" time="5.243"/>
  <testcase classname="testCases.TC002_LoginTest" name="verify_login" time="6.680"/>
</testsuite> <!-- testCases.TC002_LoginTest -->
