<?xml version="1.0" encoding="UTF-8"?>
<!-- Generated by org.testng.reporters.JUnitReportReporter -->
<testsuite hostname="AmitAsus" failures="0" tests="2" name="testCases.TC001_AccountRegistrationTest" time="20.327" errors="0" timestamp="2025-08-27T09:24:21 IST" skipped="0">
  <testcase classname="testCases.TC001_AccountRegistrationTest" name="verify_account_registration" time="11.780"/>
  <testcase classname="testCases.TC001_AccountRegistrationTest" name="verify_account_registration" time="8.547"/>
</testsuite> <!-- testCases.TC001_AccountRegistrationTest -->
